<?xml version="1.0" encoding="UTF-8"?>
<testng-results ignored="0" total="4" passed="4" failed="0" skipped="0">
  <reporter-output>
  </reporter-output>
  <suite started-at="2022-10-12T13:28:45 IST" name="Default suite" finished-at="2022-10-12T13:29:08 IST" duration-ms="23432">
    <groups>
    </groups>
    <test started-at="2022-10-12T13:28:45 IST" name="Default test" finished-at="2022-10-12T13:29:08 IST" duration-ms="23432">
      <class name="Test1.ALTORO_MUTUAL.Altoro_test1">
        <test-method is-config="true" signature="open_browser()[pri:0, instance:Test1.ALTORO_MUTUAL.Altoro_test1@323b36e0]" started-at="2022-10-12T13:28:45 IST" name="open_browser" finished-at="2022-10-12T13:28:49 IST" duration-ms="3890" status="PASS">
          <reporter-output>
          </reporter-output>
        </test-method> <!-- open_browser -->
        <test-method signature="open_url()[pri:1, instance:Test1.ALTORO_MUTUAL.Altoro_test1@323b36e0]" started-at="2022-10-12T13:28:49 IST" name="open_url" finished-at="2022-10-12T13:28:53 IST" duration-ms="4483" status="PASS">
          <reporter-output>
          </reporter-output>
        </test-method> <!-- open_url -->
        <test-method signature="open_url1()[pri:2, instance:Test1.ALTORO_MUTUAL.Altoro_test1@323b36e0]" started-at="2022-10-12T13:28:53 IST" name="open_url1" finished-at="2022-10-12T13:28:56 IST" duration-ms="2726" status="PASS">
          <reporter-output>
          </reporter-output>
        </test-method> <!-- open_url1 -->
        <test-method signature="open_url2()[pri:3, instance:Test1.ALTORO_MUTUAL.Altoro_test1@323b36e0]" started-at="2022-10-12T13:28:56 IST" name="open_url2" finished-at="2022-10-12T13:29:00 IST" duration-ms="4006" status="PASS">
          <reporter-output>
          </reporter-output>
        </test-method> <!-- open_url2 -->
        <test-method signature="open_transactions()[pri:4, instance:Test1.ALTORO_MUTUAL.Altoro_test1@323b36e0]" started-at="2022-10-12T13:29:00 IST" name="open_transactions" finished-at="2022-10-12T13:29:05 IST" duration-ms="4827" status="PASS">
          <reporter-output>
          </reporter-output>
        </test-method> <!-- open_transactions -->
        <test-method is-config="true" signature="close_browser()[pri:0, instance:Test1.ALTORO_MUTUAL.Altoro_test1@323b36e0]" started-at="2022-10-12T13:29:05 IST" name="close_browser" finished-at="2022-10-12T13:29:08 IST" duration-ms="3396" status="PASS">
          <reporter-output>
          </reporter-output>
        </test-method> <!-- close_browser -->
      </class> <!-- Test1.ALTORO_MUTUAL.Altoro_test1 -->
    </test> <!-- Default test -->
  </suite> <!-- Default suite -->
</testng-results>
