<?xml version="1.0" encoding="UTF-8"?>
<!-- Generated by org.testng.reporters.JUnitXMLReporter -->
<testsuite ignored="0" hostname="DESKTOP-OVVO66B" failures="0" tests="4" name="Default test" time="23.432" errors="0" timestamp="2022-10-12T13:29:08 IST">
  <testcase classname="Test1.ALTORO_MUTUAL.Altoro_test1" name="open_url" time="4.483"/>
  <testcase classname="Test1.ALTORO_MUTUAL.Altoro_test1" name="open_url1" time="2.726"/>
  <testcase classname="Test1.ALTORO_MUTUAL.Altoro_test1" name="open_url2" time="4.006"/>
  <testcase classname="Test1.ALTORO_MUTUAL.Altoro_test1" name="open_transactions" time="4.827"/>
</testsuite> <!-- Default test -->
